<?xml version="1.0" encoding="UTF-8"?>
<!-- Generated by org.testng.reporters.JUnitReportReporter -->
<testsuite hostname="hems" failures="0" tests="2" name="test.java.NewTest" time="31.396" errors="0" timestamp="2020-06-01T01:04:13 IST" skipped="0">
  <testcase classname="test.java.NewTest" name="udemyB" time="7.251"/>
  <system-out>
Exection Successful1  </system-out>
  <testcase classname="test.java.NewTest" name="udemyA" time="24.145"/>
  <system-out>
Execution Successful!  </system-out>
</testsuite> <!-- test.java.NewTest -->
