<?xml version="1.0" encoding="UTF-8"?>
<!-- Generated by org.testng.reporters.JUnitReportReporter -->
<testsuite hostname="hems" failures="0" tests="2" name="test.java.SmokeTest" time="10.813" errors="0" timestamp="2020-06-02T10:17:25 IST" skipped="0">
  <testcase classname="test.java.SmokeTest" name="getURL" time="5.438"/>
  <system-out/>
  <testcase classname="test.java.SmokeTest" name="search" time="5.375"/>
  <system-out/>
</testsuite> <!-- test.java.SmokeTest -->
